2025-09-05 16:40:34,576 - INFO - === 堅牢バッチスクレイパー開始 ===
2025-09-05 16:40:34,576 - INFO - 新規実行開始
2025-09-05 16:40:34,576 - INFO - Cookie読み込み完了: 3 件
2025-09-05 16:40:34,578 - INFO - レビュワーリスト読み込み: 全50人中、未完了50人
2025-09-05 16:40:34,578 - INFO - === バッチ収集開始: 50人 ===
2025-09-05 16:40:34,578 - INFO - 収集開始: 11moukari参考になった期間中24 (ID: 61490)
2025-09-05 16:40:33,486 - INFO - 推定ページ数: 200
2025-09-05 16:40:37,295 - INFO - ページ 1/200: 16件収集
2025-09-05 16:40:41,200 - INFO - ページ 2/200: 19件収集
2025-09-05 16:40:45,327 - INFO - ページ 3/200: 20件収集
2025-09-05 16:40:49,298 - INFO - ページ 4/200: 20件収集
2025-09-05 16:40:53,221 - INFO - ページ 5/200: 20件収集
2025-09-05 16:40:57,080 - INFO - ページ 6/200: 20件収集
2025-09-05 16:41:01,078 - INFO - ページ 7/200: 20件収集
2025-09-05 16:41:02,545 - INFO - ページ 8/200: 20件収集
2025-09-05 16:41:06,640 - INFO - ページ 9/200: 20件収集
2025-09-05 16:41:10,498 - INFO - ページ 10/200: 20件収集
2025-09-05 16:41:10,501 - INFO - 中間保存完了: 195件
2025-09-05 16:41:14,456 - INFO - ページ 11/200: 20件収集
2025-09-05 16:41:18,424 - INFO - ページ 12/200: 20件収集
2025-09-05 16:41:22,311 - INFO - ページ 13/200: 20件収集
2025-09-05 16:41:26,188 - INFO - ページ 14/200: 20件収集
2025-09-05 16:41:30,105 - INFO - ページ 15/200: 20件収集
2025-09-05 16:41:31,481 - INFO - ページ 16/200: 20件収集
2025-09-05 16:41:35,461 - INFO - ページ 17/200: 20件収集
2025-09-05 16:41:39,506 - INFO - ページ 18/200: 20件収集
2025-09-05 16:41:43,718 - INFO - ページ 19/200: 20件収集
2025-09-05 16:41:47,846 - INFO - ページ 20/200: 20件収集
2025-09-05 16:41:47,852 - INFO - 中間保存完了: 395件
2025-09-05 16:41:52,172 - INFO - ページ 21/200: 20件収集
2025-09-05 16:41:56,814 - INFO - ページ 22/200: 20件収集
2025-09-05 16:41:58,356 - INFO - ページ 23/200: 20件収集
2025-09-05 16:42:02,300 - INFO - ページ 24/200: 20件収集
2025-09-05 16:42:06,435 - INFO - ページ 25/200: 20件収集
2025-09-05 16:42:10,569 - INFO - ページ 26/200: 20件収集
2025-09-05 16:42:14,484 - INFO - ページ 27/200: 20件収集
2025-09-05 16:42:18,349 - INFO - ページ 28/200: 20件収集
2025-09-05 16:42:22,293 - INFO - ページ 29/200: 20件収集
2025-09-05 16:42:23,978 - INFO - ページ 30/200: 20件収集
2025-09-05 16:42:23,987 - INFO - 中間保存完了: 595件
2025-09-05 16:42:28,087 - INFO - ページ 31/200: 20件収集
2025-09-05 16:42:32,031 - INFO - ページ 32/200: 20件収集
2025-09-05 16:42:36,123 - INFO - ページ 33/200: 20件収集
2025-09-05 16:42:40,254 - INFO - ページ 34/200: 20件収集
2025-09-05 16:42:44,167 - INFO - ページ 35/200: 20件収集
2025-09-05 16:42:48,187 - INFO - ページ 36/200: 20件収集
2025-09-05 16:42:52,305 - INFO - ページ 37/200: 20件収集
2025-09-05 16:42:53,722 - INFO - ページ 38/200: 20件収集
2025-09-05 16:42:57,594 - INFO - ページ 39/200: 20件収集
2025-09-05 16:43:01,736 - INFO - ページ 40/200: 20件収集
2025-09-05 16:43:01,747 - INFO - 中間保存完了: 795件
2025-09-05 16:43:06,334 - INFO - ページ 41/200: 20件収集
2025-09-05 16:43:10,328 - INFO - ページ 42/200: 20件収集
2025-09-05 16:43:14,379 - INFO - ページ 43/200: 20件収集
2025-09-05 16:43:18,556 - INFO - ページ 44/200: 0件収集
2025-09-05 16:43:18,556 - INFO - 空ページ検出、収集終了
2025-09-05 16:43:18,556 - INFO - 収集完了: 11moukari参考になった期間中24 - 総数: 855件
2025-09-05 16:43:18,569 - INFO - 進捗: 2.0% (1/50) - 経過: 0:02:43.990632
2025-09-05 16:43:18,572 - INFO - 収集開始: 22エロの極み乙女。参考になった期間中1 (ID: 185585)
2025-09-05 16:43:19,066 - INFO - 推定ページ数: 21
2025-09-05 16:43:20,084 - INFO - ページ 1/21: 20件収集
2025-09-05 16:43:23,494 - INFO - ページ 2/21: 20件収集
2025-09-05 16:43:26,900 - INFO - ページ 3/21: 20件収集
2025-09-05 16:43:30,329 - INFO - ページ 4/21: 20件収集
2025-09-05 16:43:33,806 - INFO - ページ 5/21: 20件収集
2025-09-05 16:43:37,278 - INFO - ページ 6/21: 20件収集
2025-09-05 16:43:40,850 - INFO - ページ 7/21: 20件収集
2025-09-05 16:43:44,252 - INFO - ページ 8/21: 20件収集
2025-09-05 16:43:47,875 - INFO - ページ 9/21: 20件収集
2025-09-05 16:43:48,952 - INFO - ページ 10/21: 20件収集
2025-09-05 16:43:48,957 - INFO - 中間保存完了: 200件
2025-09-05 16:43:52,774 - INFO - ページ 11/21: 20件収集
2025-09-05 16:43:56,294 - INFO - ページ 12/21: 20件収集
2025-09-05 16:43:59,777 - INFO - ページ 13/21: 18件収集
2025-09-05 16:44:03,272 - INFO - ページ 14/21: 19件収集
2025-09-05 16:44:06,813 - INFO - ページ 15/21: 20件収集
2025-09-05 16:44:10,354 - INFO - ページ 16/21: 17件収集
2025-09-05 16:44:13,761 - INFO - ページ 17/21: 18件収集
2025-09-05 16:44:15,077 - INFO - ページ 18/21: 20件収集
2025-09-05 16:44:18,731 - INFO - ページ 19/21: 20件収集
2025-09-05 16:44:22,183 - INFO - ページ 20/21: 20件収集
2025-09-05 16:44:22,195 - INFO - 中間保存完了: 392件
2025-09-05 16:44:25,664 - INFO - ページ 21/21: 16件収集
2025-09-05 16:44:25,664 - INFO - 収集完了: 22エロの極み乙女。参考になった期間中1 - 総数: 408件
2025-09-05 16:44:25,676 - INFO - 進捗: 4.0% (2/50) - 経過: 0:03:51.097936
2025-09-05 16:44:25,679 - INFO - 収集開始: 33whitecandy参考になった期間 (ID: 185290)
2025-09-05 16:44:26,736 - INFO - 推定ページ数: 191
2025-09-05 16:44:30,379 - INFO - ページ 1/191: 20件収集
2025-09-05 16:44:34,030 - INFO - ページ 2/191: 20件収集
2025-09-05 16:44:37,503 - INFO - ページ 3/191: 20件収集
2025-09-05 16:44:40,978 - INFO - ページ 4/191: 20件収集
2025-09-05 16:44:42,311 - INFO - ページ 5/191: 20件収集
2025-09-05 16:44:45,862 - INFO - ページ 6/191: 20件収集
2025-09-05 16:44:49,346 - INFO - ページ 7/191: 20件収集
2025-09-05 16:44:52,908 - INFO - ページ 8/191: 20件収集
2025-09-05 16:44:56,512 - INFO - ページ 9/191: 20件収集
2025-09-05 16:45:00,037 - INFO - ページ 10/191: 20件収集
2025-09-05 16:45:00,041 - INFO - 中間保存完了: 200件
2025-09-05 16:45:03,721 - INFO - ページ 11/191: 20件収集
2025-09-05 16:45:07,322 - INFO - ページ 12/191: 19件収集
2025-09-05 16:45:10,729 - INFO - ページ 13/191: 5件収集
2025-09-05 16:45:12,067 - INFO - ページ 14/191: 19件収集
2025-09-05 16:45:16,515 - INFO - ページ 15/191: 20件収集
2025-09-05 16:45:20,232 - INFO - ページ 16/191: 20件収集
2025-09-05 16:45:23,711 - INFO - ページ 17/191: 20件収集
2025-09-05 16:45:27,342 - INFO - ページ 18/191: 20件収集
2025-09-05 16:45:30,953 - INFO - ページ 19/191: 14件収集
2025-09-05 16:45:34,705 - INFO - ページ 20/191: 20件収集
2025-09-05 16:45:34,712 - INFO - 中間保存完了: 377件
2025-09-05 16:45:35,999 - INFO - ページ 21/191: 20件収集
2025-09-05 16:45:39,563 - INFO - ページ 22/191: 20件収集
2025-09-05 16:45:43,176 - INFO - ページ 23/191: 20件収集
2025-09-05 16:45:46,985 - INFO - ページ 24/191: 20件収集
2025-09-05 16:45:50,562 - INFO - ページ 25/191: 20件収集
2025-09-05 16:45:54,028 - INFO - ページ 26/191: 20件収集
2025-09-05 16:45:57,522 - INFO - ページ 27/191: 20件収集
2025-09-05 16:46:01,028 - INFO - ページ 28/191: 20件収集
2025-09-05 16:46:04,688 - INFO - ページ 29/191: 20件収集
2025-09-05 16:46:05,759 - INFO - ページ 30/191: 20件収集
2025-09-05 16:46:05,770 - INFO - 中間保存完了: 577件
2025-09-05 16:46:09,361 - INFO - ページ 31/191: 20件収集
2025-09-05 16:46:12,842 - INFO - ページ 32/191: 20件収集
2025-09-05 16:46:16,707 - INFO - ページ 33/191: 20件収集
2025-09-05 16:46:20,237 - INFO - ページ 34/191: 20件収集
2025-09-05 16:46:23,861 - INFO - ページ 35/191: 20件収集
2025-09-05 16:46:27,412 - INFO - ページ 36/191: 20件収集
2025-09-05 16:46:30,872 - INFO - ページ 37/191: 20件収集
2025-09-05 16:46:32,138 - INFO - ページ 38/191: 20件収集
2025-09-05 16:46:35,986 - INFO - ページ 39/191: 20件収集
2025-09-05 16:46:39,833 - INFO - ページ 40/191: 16件収集
2025-09-05 16:46:39,846 - INFO - 中間保存完了: 773件
2025-09-05 16:46:43,507 - INFO - ページ 41/191: 8件収集
2025-09-05 16:46:47,203 - INFO - ページ 42/191: 11件収集
2025-09-05 16:46:50,858 - INFO - ページ 43/191: 10件収集
2025-09-05 16:46:54,458 - INFO - ページ 44/191: 14件収集
2025-09-05 16:46:57,949 - INFO - ページ 45/191: 11件収集
2025-09-05 16:46:58,956 - INFO - ページ 46/191: 15件収集
2025-09-05 16:47:02,545 - INFO - ページ 47/191: 14件収集
2025-09-05 16:47:06,023 - INFO - ページ 48/191: 15件収集
2025-09-05 16:47:09,632 - INFO - ページ 49/191: 15件収集
2025-09-05 16:47:13,099 - INFO - ページ 50/191: 15件収集
2025-09-05 16:47:13,114 - INFO - 中間保存完了: 901件
2025-09-05 16:47:16,752 - INFO - ページ 51/191: 15件収集
2025-09-05 16:47:20,624 - INFO - ページ 52/191: 12件収集
2025-09-05 16:47:24,282 - INFO - ページ 53/191: 11件収集
2025-09-05 16:47:27,805 - INFO - ページ 54/191: 14件収集
2025-09-05 16:47:29,124 - INFO - ページ 55/191: 15件収集
2025-09-05 16:47:32,569 - INFO - ページ 56/191: 13件収集
2025-09-05 16:47:36,349 - INFO - ページ 57/191: 7件収集
2025-09-05 16:47:40,030 - INFO - ページ 58/191: 14件収集
2025-09-05 16:47:43,601 - INFO - ページ 59/191: 14件収集
2025-09-05 16:47:47,173 - INFO - ページ 60/191: 11件収集
2025-09-05 16:47:47,191 - INFO - 中間保存完了: 1027件
2025-09-05 16:47:50,867 - INFO - ページ 61/191: 13件収集
2025-09-05 16:47:54,355 - INFO - ページ 62/191: 10件収集
2025-09-05 16:47:55,617 - INFO - ページ 63/191: 15件収集
2025-09-05 16:47:59,234 - INFO - ページ 64/191: 10件収集
2025-09-05 16:48:02,969 - INFO - ページ 65/191: 14件収集
2025-09-05 16:48:06,543 - INFO - ページ 66/191: 7件収集
2025-09-05 16:48:10,080 - INFO - ページ 67/191: 8件収集
2025-09-05 16:48:13,867 - INFO - ページ 68/191: 4件収集
2025-09-05 16:48:17,596 - INFO - ページ 69/191: 12件収集
2025-09-05 16:48:21,169 - INFO - ページ 70/191: 11件収集
2025-09-05 16:48:21,188 - INFO - 中間保存完了: 1131件
2025-09-05 16:48:22,375 - INFO - ページ 71/191: 11件収集
2025-09-05 16:48:28,868 - WARNING - ページ取得エラー 185290 page=72 (試行1): 404 Client Error: Not Found for url: https://review.dmm.co.jp/review-front/reviewer/list/185290?page=72
2025-09-05 16:48:34,013 - WARNING - ページ取得エラー 185290 page=72 (試行2): 404 Client Error: Not Found for url: https://review.dmm.co.jp/review-front/reviewer/list/185290?page=72
2025-09-05 16:48:39,179 - WARNING - ページ取得エラー 185290 page=72 (試行3): 404 Client Error: Not Found for url: https://review.dmm.co.jp/review-front/reviewer/list/185290?page=72
2025-09-05 16:48:39,179 - ERROR - ページ取得失敗: 185290 page=72
2025-09-05 16:48:39,179 - WARNING - ページ 72 スキップ
2025-09-05 16:48:42,860 - INFO - ページ 73/191: 15件収集
2025-09-05 16:48:49,306 - WARNING - ページ取得エラー 185290 page=74 (試行1): 404 Client Error: Not Found for url: https://review.dmm.co.jp/review-front/reviewer/list/185290?page=74
2025-09-05 16:48:52,210 - WARNING - ページ取得エラー 185290 page=74 (試行2): 404 Client Error: Not Found for url: https://review.dmm.co.jp/review-front/reviewer/list/185290?page=74
2025-09-05 16:48:57,315 - WARNING - ページ取得エラー 185290 page=74 (試行3): 404 Client Error: Not Found for url: https://review.dmm.co.jp/review-front/reviewer/list/185290?page=74
2025-09-05 16:48:57,315 - ERROR - ページ取得失敗: 185290 page=74
2025-09-05 16:48:57,315 - WARNING - ページ 74 スキップ
2025-09-05 16:49:01,033 - INFO - ページ 75/191: 11件収集
2025-09-05 16:49:04,588 - INFO - ページ 76/191: 5件収集
2025-09-05 16:49:08,438 - INFO - ページ 77/191: 12件収集
2025-09-05 16:49:11,982 - INFO - ページ 78/191: 12件収集
2025-09-05 16:49:15,535 - INFO - ページ 79/191: 8件収集
2025-09-05 16:49:16,643 - INFO - ページ 80/191: 3件収集
2025-09-05 16:49:16,662 - INFO - 中間保存完了: 1208件
2025-09-05 16:49:20,294 - INFO - ページ 81/191: 13件収集
2025-09-05 16:49:23,863 - INFO - ページ 82/191: 11件収集
2025-09-05 16:49:27,378 - INFO - ページ 83/191: 9件収集
2025-09-05 16:49:31,110 - INFO - ページ 84/191: 12件収集
2025-09-05 16:49:34,665 - INFO - ページ 85/191: 8件収集
2025-09-05 16:49:38,726 - INFO - ページ 86/191: 11件収集
2025-09-05 16:49:42,276 - INFO - ページ 87/191: 10件収集
2025-09-05 16:49:45,838 - INFO - ページ 88/191: 0件収集
2025-09-05 16:49:45,839 - INFO - 空ページ検出、収集終了
2025-09-05 16:49:45,839 - INFO - 収集完了: 33whitecandy参考になった期間 - 総数: 1282件
2025-09-05 16:49:45,860 - INFO - 進捗: 6.0% (3/50) - 経過: 0:09:11.282236
2025-09-05 16:49:45,861 - INFO - 収集開始: 44AV女優応援＆リスペクト参考になった (ID: 212451)
2025-09-05 16:49:43,783 - INFO - 推定ページ数: 77
2025-09-05 16:49:47,314 - INFO - ページ 1/77: 20件収集
2025-09-05 16:49:50,673 - INFO - ページ 2/77: 20件収集
2025-09-05 16:49:54,063 - INFO - ページ 3/77: 20件収集
2025-09-05 16:49:57,572 - INFO - ページ 4/77: 20件収集
2025-09-05 16:50:01,098 - INFO - ページ 5/77: 20件収集
2025-09-05 16:50:04,588 - INFO - ページ 6/77: 20件収集
2025-09-05 16:50:07,980 - INFO - ページ 7/77: 20件収集
2025-09-05 16:50:11,631 - INFO - ページ 8/77: 20件収集
2025-09-05 16:50:12,453 - INFO - ページ 9/77: 20件収集
2025-09-05 16:50:15,907 - INFO - ページ 10/77: 20件収集
2025-09-05 16:50:15,911 - INFO - 中間保存完了: 200件
2025-09-05 16:50:19,523 - INFO - ページ 11/77: 20件収集
2025-09-05 16:50:22,946 - INFO - ページ 12/77: 20件収集
2025-09-05 16:50:26,452 - INFO - ページ 13/77: 20件収集
2025-09-05 16:50:30,060 - INFO - ページ 14/77: 20件収集
2025-09-05 16:50:34,221 - INFO - ページ 15/77: 20件収集
2025-09-05 16:50:37,880 - INFO - ページ 16/77: 20件収集
2025-09-05 16:50:38,927 - INFO - ページ 17/77: 20件収集
2025-09-05 16:50:42,430 - INFO - ページ 18/77: 20件収集
2025-09-05 16:50:45,876 - INFO - ページ 19/77: 20件収集
2025-09-05 16:50:49,301 - INFO - ページ 20/77: 20件収集
2025-09-05 16:50:49,309 - INFO - 中間保存完了: 400件
2025-09-05 16:50:52,935 - INFO - ページ 21/77: 20件収集
2025-09-05 16:50:56,468 - INFO - ページ 22/77: 20件収集
2025-09-05 16:51:00,040 - INFO - ページ 23/77: 20件収集
2025-09-05 16:51:03,429 - INFO - ページ 24/77: 20件収集
2025-09-05 16:51:07,157 - INFO - ページ 25/77: 20件収集
2025-09-05 16:51:08,175 - INFO - ページ 26/77: 20件収集
2025-09-05 16:51:11,708 - INFO - ページ 27/77: 20件収集
2025-09-05 16:51:15,172 - INFO - ページ 28/77: 20件収集
2025-09-05 16:51:18,628 - INFO - ページ 29/77: 20件収集
2025-09-05 16:51:22,006 - INFO - ページ 30/77: 20件収集
2025-09-05 16:51:22,016 - INFO - 中間保存完了: 600件
2025-09-05 16:51:25,554 - INFO - ページ 31/77: 20件収集
2025-09-05 16:51:29,012 - INFO - ページ 32/77: 20件収集
2025-09-05 16:51:32,445 - INFO - ページ 33/77: 20件収集
2025-09-05 16:51:36,035 - INFO - ページ 34/77: 20件収集
2025-09-05 16:51:37,119 - INFO - ページ 35/77: 20件収集
2025-09-05 16:51:40,578 - INFO - ページ 36/77: 20件収集
2025-09-05 16:51:43,988 - INFO - ページ 37/77: 20件収集
2025-09-05 16:51:47,415 - INFO - ページ 38/77: 20件収集
2025-09-05 16:51:51,153 - INFO - ページ 39/77: 20件収集
2025-09-05 16:51:54,869 - INFO - ページ 40/77: 20件収集
2025-09-05 16:51:54,884 - INFO - 中間保存完了: 800件
2025-09-05 16:51:58,431 - INFO - ページ 41/77: 20件収集
2025-09-05 16:52:01,968 - INFO - ページ 42/77: 20件収集
2025-09-05 16:52:03,129 - INFO - ページ 43/77: 20件収集
2025-09-05 16:52:06,696 - INFO - ページ 44/77: 20件収集
2025-09-05 16:52:10,279 - INFO - ページ 45/77: 20件収集
2025-09-05 16:52:13,996 - INFO - ページ 46/77: 20件収集
2025-09-05 16:52:17,657 - INFO - ページ 47/77: 20件収集
2025-09-05 16:52:21,205 - INFO - ページ 48/77: 20件収集
2025-09-05 16:52:24,699 - INFO - ページ 49/77: 20件収集
2025-09-05 16:52:28,352 - INFO - ページ 50/77: 20件収集
2025-09-05 16:52:28,370 - INFO - 中間保存完了: 1000件
2025-09-05 16:52:29,764 - INFO - ページ 51/77: 20件収集
2025-09-05 16:52:33,251 - INFO - ページ 52/77: 20件収集
2025-09-05 16:52:36,943 - INFO - ページ 53/77: 20件収集
2025-09-05 16:52:40,383 - INFO - ページ 54/77: 20件収集
2025-09-05 16:52:43,842 - INFO - ページ 55/77: 20件収集
2025-09-05 16:52:47,433 - INFO - ページ 56/77: 20件収集
2025-09-05 16:52:51,407 - INFO - ページ 57/77: 20件収集
2025-09-05 16:52:55,035 - INFO - ページ 58/77: 20件収集
2025-09-05 16:52:58,480 - INFO - ページ 59/77: 20件収集
2025-09-05 16:52:59,656 - INFO - ページ 60/77: 20件収集
2025-09-05 16:52:59,676 - INFO - 中間保存完了: 1200件
2025-09-05 16:53:03,071 - INFO - ページ 61/77: 20件収集
2025-09-05 16:53:07,397 - INFO - ページ 62/77: 20件収集
2025-09-05 16:53:11,045 - INFO - ページ 63/77: 20件収集
2025-09-05 16:53:14,528 - INFO - ページ 64/77: 20件収集
2025-09-05 16:53:18,896 - INFO - ページ 65/77: 20件収集
2025-09-05 16:53:22,387 - INFO - ページ 66/77: 20件収集
2025-09-05 16:53:25,880 - INFO - ページ 67/77: 20件収集
2025-09-05 16:53:27,024 - INFO - ページ 68/77: 20件収集
2025-09-05 16:53:30,936 - INFO - ページ 69/77: 20件収集
2025-09-05 16:53:34,362 - INFO - ページ 70/77: 20件収集
2025-09-05 16:53:34,385 - INFO - 中間保存完了: 1400件
2025-09-05 16:53:37,807 - INFO - ページ 71/77: 20件収集
2025-09-05 16:53:41,314 - INFO - ページ 72/77: 20件収集
2025-09-05 16:53:44,978 - INFO - ページ 73/77: 20件収集
2025-09-05 16:53:48,512 - INFO - ページ 74/77: 20件収集
2025-09-05 16:53:51,944 - INFO - ページ 75/77: 20件収集
2025-09-05 16:53:52,920 - INFO - ページ 76/77: 20件収集
2025-09-05 16:53:56,416 - INFO - ページ 77/77: 2件収集
2025-09-05 16:53:56,416 - INFO - 収集完了: 44AV女優応援＆リスペクト参考になった - 総数: 1522件
2025-09-05 16:53:56,443 - INFO - 進捗: 8.0% (4/50) - 経過: 0:13:21.865113
2025-09-05 16:53:56,444 - INFO - 収集開始: 55オーベロン参考になった期間中3138 (ID: 69451)
2025-09-05 16:53:56,907 - INFO - 推定ページ数: 32
2025-09-05 16:54:00,335 - INFO - ページ 1/32: 20件収集
2025-09-05 16:54:03,870 - INFO - ページ 2/32: 20件収集
2025-09-05 16:54:07,439 - INFO - ページ 3/32: 20件収集
2025-09-05 16:54:11,035 - INFO - ページ 4/32: 20件収集
2025-09-05 16:54:14,551 - INFO - ページ 5/32: 20件収集
2025-09-05 16:54:18,524 - INFO - ページ 6/32: 20件収集
2025-09-05 16:54:19,530 - INFO - ページ 7/32: 20件収集
2025-09-05 16:54:23,064 - INFO - ページ 8/32: 20件収集
2025-09-05 16:54:26,623 - INFO - ページ 9/32: 20件収集
2025-09-05 16:54:30,118 - INFO - ページ 10/32: 20件収集
2025-09-05 16:54:30,121 - INFO - 中間保存完了: 200件
2025-09-05 16:54:33,795 - INFO - ページ 11/32: 20件収集
2025-09-05 16:54:37,440 - INFO - ページ 12/32: 20件収集
2025-09-05 16:54:40,881 - INFO - ページ 13/32: 20件収集
2025-09-05 16:54:44,370 - INFO - ページ 14/32: 20件収集
2025-09-05 16:54:47,825 - INFO - ページ 15/32: 20件収集
2025-09-05 16:54:49,010 - INFO - ページ 16/32: 20件収集
2025-09-05 16:54:52,612 - INFO - ページ 17/32: 20件収集
2025-09-05 16:54:56,288 - INFO - ページ 18/32: 19件収集
2025-09-05 16:54:59,939 - INFO - ページ 19/32: 20件収集
2025-09-05 16:55:03,390 - INFO - ページ 20/32: 19件収集
2025-09-05 16:55:03,397 - INFO - 中間保存完了: 398件
2025-09-05 16:55:07,091 - INFO - ページ 21/32: 20件収集
2025-09-05 16:55:10,806 - INFO - ページ 22/32: 20件収集
2025-09-05 16:55:14,708 - INFO - ページ 23/32: 20件収集
2025-09-05 16:55:15,813 - INFO - ページ 24/32: 20件収集
2025-09-05 16:55:19,342 - INFO - ページ 25/32: 20件収集
2025-09-05 16:55:22,947 - INFO - ページ 26/32: 20件収集
2025-09-05 16:55:26,898 - INFO - ページ 27/32: 20件収集
2025-09-05 16:55:30,562 - INFO - ページ 28/32: 20件収集
2025-09-05 16:55:34,152 - INFO - ページ 29/32: 20件収集
2025-09-05 16:55:37,639 - INFO - ページ 30/32: 20件収集
2025-09-05 16:55:37,648 - INFO - 中間保存完了: 598件
2025-09-05 16:55:41,320 - INFO - ページ 31/32: 20件収集
2025-09-05 16:55:42,178 - INFO - ページ 32/32: 4件収集
2025-09-05 16:55:42,178 - INFO - 収集完了: 55オーベロン参考になった期間中3138 - 総数: 622件
2025-09-05 16:55:42,190 - INFO - 進捗: 10.0% (5/50) - 経過: 0:15:07.611354
2025-09-05 16:55:42,190 - INFO - レート制限: 60秒待機
2025-09-05 16:56:37,234 - INFO - 収集開始: 66サークラのチェック柄参考になった期間 (ID: 330565)
2025-09-05 16:56:37,810 - INFO - 推定ページ数: 21
2025-09-05 16:56:41,263 - INFO - ページ 1/21: 19件収集
2025-09-05 16:56:44,719 - INFO - ページ 2/21: 20件収集
2025-09-05 16:56:48,524 - INFO - ページ 3/21: 19件収集
2025-09-05 16:56:52,099 - INFO - ページ 4/21: 20件収集
2025-09-05 16:56:55,792 - INFO - ページ 5/21: 20件収集
2025-09-05 16:56:59,325 - INFO - ページ 6/21: 20件収集
2025-09-05 16:57:02,720 - INFO - ページ 7/21: 20件収集
2025-09-05 16:57:06,242 - INFO - ページ 8/21: 20件収集
2025-09-05 16:57:07,329 - INFO - ページ 9/21: 20件収集
2025-09-05 16:57:10,808 - INFO - ページ 10/21: 20件収集
2025-09-05 16:57:10,811 - INFO - 中間保存完了: 198件
2025-09-05 16:57:14,707 - INFO - ページ 11/21: 20件収集
2025-09-05 16:57:18,114 - INFO - ページ 12/21: 20件収集
2025-09-05 16:57:21,499 - INFO - ページ 13/21: 20件収集
2025-09-05 16:57:25,148 - INFO - ページ 14/21: 20件収集
2025-09-05 16:57:28,757 - INFO - ページ 15/21: 20件収集
2025-09-05 16:57:32,386 - INFO - ページ 16/21: 20件収集
2025-09-05 16:57:33,578 - INFO - ページ 17/21: 20件収集
2025-09-05 16:57:37,050 - INFO - ページ 18/21: 20件収集
2025-09-05 16:57:40,464 - INFO - ページ 19/21: 20件収集
2025-09-05 16:57:44,059 - INFO - ページ 20/21: 20件収集
2025-09-05 16:57:44,065 - INFO - 中間保存完了: 398件
2025-09-05 16:57:47,455 - INFO - ページ 21/21: 18件収集
2025-09-05 16:57:47,455 - INFO - 収集完了: 66サークラのチェック柄参考になった期間 - 総数: 416件
2025-09-05 16:57:47,461 - INFO - 進捗: 12.0% (6/50) - 経過: 0:17:12.883029
2025-09-05 16:57:47,462 - INFO - 収集開始: 77巨乳好き刺青ニキ参考になった期間中2 (ID: 133499)
2025-09-05 16:57:48,467 - INFO - 推定ページ数: 200
2025-09-05 16:57:52,558 - INFO - ページ 1/200: 19件収集
2025-09-05 16:57:56,715 - INFO - ページ 2/200: 20件収集
2025-09-05 16:58:01,301 - INFO - ページ 3/200: 20件収集
2025-09-05 16:58:02,758 - INFO - ページ 4/200: 20件収集
2025-09-05 16:58:06,614 - INFO - ページ 5/200: 19件収集
2025-09-05 16:58:10,632 - INFO - ページ 6/200: 20件収集
2025-09-05 16:58:14,779 - INFO - ページ 7/200: 20件収集
2025-09-05 16:58:18,852 - INFO - ページ 8/200: 16件収集
2025-09-05 16:58:23,097 - INFO - ページ 9/200: 20件収集
2025-09-05 16:58:27,038 - INFO - ページ 10/200: 20件収集
2025-09-05 16:58:27,042 - INFO - 中間保存完了: 194件
2025-09-05 16:58:28,891 - INFO - ページ 11/200: 17件収集
2025-09-05 16:58:32,896 - INFO - ページ 12/200: 19件収集
2025-09-05 16:58:37,248 - INFO - ページ 13/200: 19件収集
2025-09-05 16:58:41,388 - INFO - ページ 14/200: 18件収集
2025-09-05 16:58:45,345 - INFO - ページ 15/200: 20件収集
2025-09-05 16:58:49,857 - INFO - ページ 16/200: 18件収集
2025-09-05 16:58:53,988 - INFO - ページ 17/200: 18件収集
2025-09-05 16:58:55,670 - INFO - ページ 18/200: 20件収集
2025-09-05 16:58:59,648 - INFO - ページ 19/200: 20件収集
2025-09-05 16:59:04,599 - INFO - ページ 20/200: 18件収集
2025-09-05 16:59:04,606 - INFO - 中間保存完了: 381件
2025-09-05 16:59:08,949 - INFO - ページ 21/200: 17件収集
2025-09-05 16:59:13,206 - INFO - ページ 22/200: 18件収集
2025-09-05 16:59:17,464 - INFO - ページ 23/200: 18件収集
2025-09-05 16:59:21,428 - INFO - ページ 24/200: 19件収集
2025-09-05 16:59:22,977 - INFO - ページ 25/200: 20件収集
2025-09-05 16:59:27,242 - INFO - ページ 26/200: 17件収集
2025-09-05 16:59:31,454 - INFO - ページ 27/200: 15件収集
2025-09-05 16:59:35,693 - INFO - ページ 28/200: 14件収集
2025-09-05 16:59:39,749 - INFO - ページ 29/200: 18件収集
2025-09-05 16:59:43,949 - INFO - ページ 30/200: 11件収集
2025-09-05 16:59:43,959 - INFO - 中間保存完了: 548件
2025-09-05 16:59:48,205 - INFO - ページ 31/200: 18件収集
2025-09-05 16:59:50,052 - INFO - ページ 32/200: 16件収集
2025-09-05 16:59:54,219 - INFO - ページ 33/200: 18件収集
2025-09-05 16:59:58,440 - INFO - ページ 34/200: 17件収集
2025-09-05 17:00:02,781 - INFO - ページ 35/200: 14件収集
2025-09-05 17:00:06,980 - INFO - ページ 36/200: 15件収集
2025-09-05 17:00:11,050 - INFO - ページ 37/200: 15件収集
2025-09-05 17:00:15,170 - INFO - ページ 38/200: 18件収集
2025-09-05 17:00:19,122 - INFO - ページ 39/200: 16件収集
2025-09-05 17:00:20,673 - INFO - ページ 40/200: 19件収集
2025-09-05 17:00:20,686 - INFO - 中間保存完了: 714件
2025-09-05 17:00:24,674 - INFO - ページ 41/200: 14件収集
2025-09-05 17:00:28,904 - INFO - ページ 42/200: 14件収集
2025-09-05 17:00:33,025 - INFO - ページ 43/200: 14件収集
2025-09-05 17:00:37,489 - INFO - ページ 44/200: 13件収集
2025-09-05 17:00:41,688 - INFO - ページ 45/200: 13件収集
2025-09-05 17:00:45,940 - INFO - ページ 46/200: 10件収集
2025-09-05 17:00:47,507 - INFO - ページ 47/200: 14件収集
2025-09-05 17:00:51,748 - INFO - ページ 48/200: 13件収集
2025-09-05 17:00:56,097 - INFO - ページ 49/200: 17件収集
2025-09-05 17:01:00,229 - INFO - ページ 50/200: 19件収集
2025-09-05 17:01:00,243 - INFO - 中間保存完了: 855件
2025-09-05 17:01:04,425 - INFO - ページ 51/200: 16件収集
2025-09-05 17:01:08,491 - INFO - ページ 52/200: 10件収集
2025-09-05 17:01:12,500 - INFO - ページ 53/200: 14件収集
2025-09-05 17:01:14,073 - INFO - ページ 54/200: 13件収集
2025-09-05 17:01:18,194 - INFO - ページ 55/200: 18件収集
2025-09-05 17:01:22,540 - INFO - ページ 56/200: 17件収集
2025-09-05 17:01:26,548 - INFO - ページ 57/200: 15件収集
